<?xml version="1.0" encoding="UTF-8"?>
<<<<<<< Updated upstream
<testng-results ignored="0" total="1" passed="1" failed="0" skipped="0">
  <reporter-output>
  </reporter-output>
  <suite started-at="2025-08-01T06:16:35 GMT-04:00" name="Suite" finished-at="2025-08-01T06:16:39 GMT-04:00" duration-ms="3520">
    <groups>
    </groups>
    <test started-at="2025-08-01T06:16:35 GMT-04:00" name="CarritoCompras" finished-at="2025-08-01T06:16:39 GMT-04:00" duration-ms="3520">
      <class name="com.selenium.distribuido.CarritoComprasSauce">
        <test-method is-config="true" signature="setup(java.lang.String,java.lang.String)[pri:0, instance:com.selenium.distribuido.CarritoComprasSauce@3eb25e1a]" started-at="2025-08-01T06:16:35 GMT-04:00" name="setup" finished-at="2025-08-01T06:16:38 GMT-04:00" duration-ms="2686" status="PASS">
          <params>
            <param index="0">
              <value>
                <![CDATA[chrome]]>
              </value>
            </param>
            <param index="1">
              <value>
                <![CDATA[http://localhost:4444/wd/hub]]>
              </value>
            </param>
          </params>
          <reporter-output>
          </reporter-output>
        </test-method> <!-- setup -->
        <test-method signature="loginTest()[pri:0, instance:com.selenium.distribuido.CarritoComprasSauce@3eb25e1a]" started-at="2025-08-01T06:16:38 GMT-04:00" name="loginTest" finished-at="2025-08-01T06:16:39 GMT-04:00" duration-ms="600" status="PASS">
          <reporter-output>
          </reporter-output>
        </test-method> <!-- loginTest -->
        <test-method is-config="true" signature="teardown()[pri:0, instance:com.selenium.distribuido.CarritoComprasSauce@3eb25e1a]" started-at="2025-08-01T06:16:39 GMT-04:00" name="teardown" finished-at="2025-08-01T06:16:39 GMT-04:00" duration-ms="146" status="PASS">
          <reporter-output>
          </reporter-output>
        </test-method> <!-- teardown -->
      </class> <!-- com.selenium.distribuido.CarritoComprasSauce -->
    </test> <!-- CarritoCompras -->
  </suite> <!-- Suite -->
=======
<testng-results ignored="0" total="1" passed="0" failed="0" skipped="1">
  <reporter-output>
  </reporter-output>
  <suite started-at="2025-08-01T15:12:08 GMT-04:00" name="Default suite" finished-at="2025-08-01T15:12:08 GMT-04:00" duration-ms="207">
    <groups>
    </groups>
    <test started-at="2025-08-01T15:12:08 GMT-04:00" name="Default test" finished-at="2025-08-01T15:12:08 GMT-04:00" duration-ms="207">
      <class name="com.selenium.alvaro.CarritoCompras$CarritoComprasSauce">
        <test-method is-config="true" signature="setup(java.lang.String,java.lang.String)[pri:0, instance:com.selenium.alvaro.CarritoCompras$CarritoComprasSauce@3b0090a4]" started-at="2025-08-01T15:12:08 GMT-04:00" name="setup" finished-at="1969-12-31T19:00:00 GMT-05:00" duration-ms="-1754075528334" status="FAIL">
          <exception class="org.testng.TestNGException">
            <message>
              <![CDATA[
Parameter 'browser' is required by BeforeClass on method setup but has not been marked @Optional or defined
in C:\Users\student\AppData\Local\Temp\testng-eclipse-1863641925\testng-customsuite.xml]]>
            </message>
            <full-stacktrace>
              <![CDATA[org.testng.TestNGException: 
Parameter 'browser' is required by BeforeClass on method setup but has not been marked @Optional or defined
in C:\Users\student\AppData\Local\Temp\testng-eclipse-1863641925\testng-customsuite.xml
at org.testng.internal.Parameters.createParams(Parameters.java:264)
at org.testng.internal.Parameters.createParametersForMethod(Parameters.java:352)
at org.testng.internal.Parameters.createParameters(Parameters.java:690)
at org.testng.internal.Parameters.createConfigurationParameters(Parameters.java:163)
at org.testng.internal.invokers.ConfigInvoker.invokeConfigurations(ConfigInvoker.java:313)
at org.testng.internal.invokers.TestMethodWorker.invokeBeforeClassMethods(TestMethodWorker.java:188)
at org.testng.internal.invokers.TestMethodWorker.run(TestMethodWorker.java:128)
at java.base/java.util.ArrayList.forEach(ArrayList.java:1596)
at org.testng.TestRunner.privateRun(TestRunner.java:741)
at org.testng.TestRunner.run(TestRunner.java:616)
at org.testng.SuiteRunner.runTest(SuiteRunner.java:421)
at org.testng.SuiteRunner.runSequentially(SuiteRunner.java:413)
at org.testng.SuiteRunner.privateRun(SuiteRunner.java:373)
at org.testng.SuiteRunner.run(SuiteRunner.java:312)
at org.testng.SuiteRunnerWorker.runSuite(SuiteRunnerWorker.java:52)
at org.testng.SuiteRunnerWorker.run(SuiteRunnerWorker.java:95)
at org.testng.TestNG.runSuitesSequentially(TestNG.java:1274)
at org.testng.TestNG.runSuitesLocally(TestNG.java:1208)
at org.testng.TestNG.runSuites(TestNG.java:1112)
at org.testng.TestNG.run(TestNG.java:1079)
at org.testng.remote.AbstractRemoteTestNG.run(AbstractRemoteTestNG.java:115)
at org.testng.remote.RemoteTestNG.initAndRun(RemoteTestNG.java:293)
at org.testng.remote.RemoteTestNG.main(RemoteTestNG.java:91)
]]>
            </full-stacktrace>
          </exception> <!-- org.testng.TestNGException -->
          <reporter-output>
          </reporter-output>
        </test-method> <!-- setup -->
        <test-method signature="loginTest()[pri:0, instance:com.selenium.alvaro.CarritoCompras$CarritoComprasSauce@3b0090a4]" started-at="2025-08-01T15:12:08 GMT-04:00" name="loginTest" finished-at="2025-08-01T15:12:08 GMT-04:00" duration-ms="1" status="SKIP">
          <exception class="org.testng.TestNGException">
            <message>
              <![CDATA[
Parameter 'browser' is required by BeforeClass on method setup but has not been marked @Optional or defined
in C:\Users\student\AppData\Local\Temp\testng-eclipse-1863641925\testng-customsuite.xml]]>
            </message>
            <full-stacktrace>
              <![CDATA[org.testng.TestNGException: 
Parameter 'browser' is required by BeforeClass on method setup but has not been marked @Optional or defined
in C:\Users\student\AppData\Local\Temp\testng-eclipse-1863641925\testng-customsuite.xml
at org.testng.internal.Parameters.createParams(Parameters.java:264)
at org.testng.internal.Parameters.createParametersForMethod(Parameters.java:352)
at org.testng.internal.Parameters.createParameters(Parameters.java:690)
at org.testng.internal.Parameters.createConfigurationParameters(Parameters.java:163)
at org.testng.internal.invokers.ConfigInvoker.invokeConfigurations(ConfigInvoker.java:313)
at org.testng.internal.invokers.TestMethodWorker.invokeBeforeClassMethods(TestMethodWorker.java:188)
at org.testng.internal.invokers.TestMethodWorker.run(TestMethodWorker.java:128)
at java.base/java.util.ArrayList.forEach(ArrayList.java:1596)
at org.testng.TestRunner.privateRun(TestRunner.java:741)
at org.testng.TestRunner.run(TestRunner.java:616)
at org.testng.SuiteRunner.runTest(SuiteRunner.java:421)
at org.testng.SuiteRunner.runSequentially(SuiteRunner.java:413)
at org.testng.SuiteRunner.privateRun(SuiteRunner.java:373)
at org.testng.SuiteRunner.run(SuiteRunner.java:312)
at org.testng.SuiteRunnerWorker.runSuite(SuiteRunnerWorker.java:52)
at org.testng.SuiteRunnerWorker.run(SuiteRunnerWorker.java:95)
at org.testng.TestNG.runSuitesSequentially(TestNG.java:1274)
at org.testng.TestNG.runSuitesLocally(TestNG.java:1208)
at org.testng.TestNG.runSuites(TestNG.java:1112)
at org.testng.TestNG.run(TestNG.java:1079)
at org.testng.remote.AbstractRemoteTestNG.run(AbstractRemoteTestNG.java:115)
at org.testng.remote.RemoteTestNG.initAndRun(RemoteTestNG.java:293)
at org.testng.remote.RemoteTestNG.main(RemoteTestNG.java:91)
]]>
            </full-stacktrace>
          </exception> <!-- org.testng.TestNGException -->
          <reporter-output>
          </reporter-output>
        </test-method> <!-- loginTest -->
        <test-method is-config="true" signature="teardown()[pri:0, instance:com.selenium.alvaro.CarritoCompras$CarritoComprasSauce@3b0090a4]" started-at="2025-08-01T15:12:08 GMT-04:00" name="teardown" finished-at="2025-08-01T15:12:08 GMT-04:00" duration-ms="0" status="SKIP">
          <reporter-output>
          </reporter-output>
        </test-method> <!-- teardown -->
      </class> <!-- com.selenium.alvaro.CarritoCompras$CarritoComprasSauce -->
    </test> <!-- Default test -->
  </suite> <!-- Default suite -->
>>>>>>> Stashed changes
</testng-results>
